<?xml version="1.0" encoding="UTF-8"?>
<!-- Generated by org.testng.reporters.JUnitXMLReporter -->
<testsuite ignored="0" hostname="NUC2" failures="0" tests="25" name="Test Cases" time="223.659" errors="0" timestamp="2024-06-28T15:21:54 IST">
  <testcase classname="org.BIMNetworks.BuyDirect_Test.WelcomePageTest" name="test_PartnerLogo" time="4.183"/>
  <testcase classname="org.BIMNetworks.BuyDirect_Test.WelcomePageTest" name="test_SignInHereLinkTextisDisplayed" time="0.504"/>
  <testcase classname="org.BIMNetworks.BuyDirect_Test.WelcomePageTest" name="test_TextBeforeSignInHereLink" time="0.449"/>
  <testcase classname="org.BIMNetworks.BuyDirect_Test.WelcomePageTest" name="test_TitleisDisplayedCenter" time="2.041"/>
  <testcase classname="org.BIMNetworks.BuyDirect_Test.WelcomePageTest" name="test_welcomeMessage1" time="2.965"/>
  <testcase classname="org.BIMNetworks.BuyDirect_Test.WelcomePageTest" name="test_welcomeMessage2" time="5.974"/>
  <testcase classname="org.BIMNetworks.BuyDirect_Test.WelcomePageTest" name="BrokenImageTest" time="0.696"/>
  <testcase classname="org.BIMNetworks.BuyDirect_Test.WelcomePageTest" name="test_ContinueButtonText" time="0.449"/>
  <testcase classname="org.BIMNetworks.BuyDirect_Test.WelcomePageTest" name="test_CurrentURL" time="0.087"/>
  <testcase classname="org.BIMNetworks.BuyDirect_Test.WelcomePageTest" name="test_PartnerLogoisDisplayed" time="0.225"/>
  <testcase classname="org.BIMNetworks.BuyDirect_Test.WelcomePageTest" name="test_PartnerTenderNameHeader" time="2.767"/>
  <testcase classname="org.BIMNetworks.BuyDirect_Test.WelcomePageTest" name="test_PartnerTenderNameisDisplayed" time="0.198"/>
  <testcase classname="org.BIMNetworks.BuyDirect_Test.WelcomePageTest" name="test_WelcomePageTitle" time="0.416"/>
  <testcase classname="org.BIMNetworks.BuyDirect_Test.WelcomePageTest" name="test_ContinueButton" time="3.126"/>
  <testcase classname="org.BIMNetworks.BuyDirect_Test.EnrollPageTest" name="BrokenImageTest" time="0.786"/>
  <testcase classname="org.BIMNetworks.BuyDirect_Test.EnrollPageTest" name="clickOnWelcomePageContinueButton" time="2.881"/>
  <testcase classname="org.BIMNetworks.BuyDirect_Test.EnrollPageTest" name="test_EnrollPageRequiredFieldErrorMessage" time="8.14"/>
  <testcase classname="org.BIMNetworks.BuyDirect_Test.EnrollPageTest" name="test_PartnerLogo" time="3.075"/>
  <testcase classname="org.BIMNetworks.BuyDirect_Test.EnrollPageTest" name="test_PartnerLogoisDisplayed" time="0.307"/>
  <testcase classname="org.BIMNetworks.BuyDirect_Test.EnrollPageTest" name="test_PartnerTenderNameHeader" time="13.689"/>
  <testcase classname="org.BIMNetworks.BuyDirect_Test.EnrollPageTest" name="test_PartnerTenderNameisDisplayed" time="0.223"/>
  <testcase classname="org.BIMNetworks.BuyDirect_Test.EnrollPageTest" name="test_ProgressIndicators" time="0.54"/>
  <testcase classname="org.BIMNetworks.BuyDirect_Test.EnrollPageTest" name="test_ValidateTermsAndConditions" time="4.558"/>
  <testcase classname="org.BIMNetworks.BuyDirect_Test.EnrollPageTest" name="test_isDLRequired" time="3.17"/>
  <testcase classname="org.BIMNetworks.BuyDirect_Test.EnrollPageTest" name="test_ValidEnrollmentInputFields" time="29.642"/>
</testsuite> <!-- Test Cases -->
