<?xml version="1.0" encoding="UTF-8"?>
<!-- Generated by org.testng.reporters.JUnitXMLReporter -->
<testsuite ignored="15" hostname="NUC2" failures="0" tests="1" name="Default test" time="50.248" errors="0" timestamp="2024-06-19T18:58:11 IST">
  <testcase classname="org.BIMNetworks.BuyDirect_Test.WelcomePageTest" name="test_WelcomePageTitle" time="0.548"/>
  <testcase classname="org.BIMNetworks.BuyDirect_Test.WelcomePageTest" name="BrokenImageTest" time="0.0">
    <ignored/>
  </testcase> <!-- BrokenImageTest -->
  <testcase classname="org.BIMNetworks.BuyDirect_Test.WelcomePageTest" name="test_FooterText" time="0.0">
    <ignored/>
  </testcase> <!-- test_FooterText -->
  <testcase classname="org.BIMNetworks.BuyDirect_Test.WelcomePageTest" name="test_TitleisDisplayedCenter" time="0.0">
    <ignored/>
  </testcase> <!-- test_TitleisDisplayedCenter -->
  <testcase classname="org.BIMNetworks.BuyDirect_Test.WelcomePageTest" name="test_SignInHereLinkTextisDisplayed" time="0.0">
    <ignored/>
  </testcase> <!-- test_SignInHereLinkTextisDisplayed -->
  <testcase classname="org.BIMNetworks.BuyDirect_Test.WelcomePageTest" name="test_TextBeforeSignInHereLink" time="0.0">
    <ignored/>
  </testcase> <!-- test_TextBeforeSignInHereLink -->
  <testcase classname="org.BIMNetworks.BuyDirect_Test.WelcomePageTest" name="test_PartnerLogoisDisplayed" time="0.0">
    <ignored/>
  </testcase> <!-- test_PartnerLogoisDisplayed -->
  <testcase classname="org.BIMNetworks.BuyDirect_Test.WelcomePageTest" name="test_FooterTextisDisplayed" time="0.0">
    <ignored/>
  </testcase> <!-- test_FooterTextisDisplayed -->
  <testcase classname="org.BIMNetworks.BuyDirect_Test.WelcomePageTest" name="test_ContinueButton" time="0.0">
    <ignored/>
  </testcase> <!-- test_ContinueButton -->
  <testcase classname="org.BIMNetworks.BuyDirect_Test.WelcomePageTest" name="test_PartnerLogo" time="0.0">
    <ignored/>
  </testcase> <!-- test_PartnerLogo -->
  <testcase classname="org.BIMNetworks.BuyDirect_Test.WelcomePageTest" name="test_welcomeMessage1" time="0.0">
    <ignored/>
  </testcase> <!-- test_welcomeMessage1 -->
  <testcase classname="org.BIMNetworks.BuyDirect_Test.WelcomePageTest" name="test_ContinueButtonText" time="0.0">
    <ignored/>
  </testcase> <!-- test_ContinueButtonText -->
  <testcase classname="org.BIMNetworks.BuyDirect_Test.WelcomePageTest" name="test_PartnerTenderNameHeader" time="0.0">
    <ignored/>
  </testcase> <!-- test_PartnerTenderNameHeader -->
  <testcase classname="org.BIMNetworks.BuyDirect_Test.WelcomePageTest" name="test_welcomeMessage2" time="0.0">
    <ignored/>
  </testcase> <!-- test_welcomeMessage2 -->
  <testcase classname="org.BIMNetworks.BuyDirect_Test.WelcomePageTest" name="test_CurrentURL" time="0.0">
    <ignored/>
  </testcase> <!-- test_CurrentURL -->
  <testcase classname="org.BIMNetworks.BuyDirect_Test.WelcomePageTest" name="test_PartnerTenderNameisDisplayed" time="0.0">
    <ignored/>
  </testcase> <!-- test_PartnerTenderNameisDisplayed -->
</testsuite> <!-- Default test -->
