<?xml version="1.0" encoding="UTF-8"?>
<testng-results ignored="2" total="55" passed="52" failed="1" skipped="0">
  <reporter-output>
  </reporter-output>
  <suite started-at="2024-09-06T15:51:47 IST" name="Mobile BuyDirect Automation Test Suite" finished-at="2024-09-06T15:59:07 IST" duration-ms="440295">
    <groups>
    </groups>
    <test started-at="2024-09-06T15:51:47 IST" name="Test Cases" finished-at="2024-09-06T15:59:07 IST" duration-ms="440295">
      <class name="com.BuyDirect.tests.BaseTest">
        <test-method is-config="true" signature="afterSuite()[pri:0, instance:com.BuyDirect.tests.BaseTest@1817f1eb]" started-at="2024-09-06T15:59:09 IST" name="afterSuite" finished-at="2024-09-06T15:59:09 IST" duration-ms="179" status="PASS">
          <reporter-output>
          </reporter-output>
        </test-method> <!-- afterSuite -->
      </class> <!-- com.BuyDirect.tests.BaseTest -->
      <class name="com.BuyDirect.tests.WelcomePageTest">
        <test-method is-config="true" signature="configureAppium()[pri:0, instance:com.BuyDirect.tests.WelcomePageTest@35d08e6c]" started-at="2024-09-06T15:51:48 IST" name="configureAppium" finished-at="2024-09-06T15:53:51 IST" duration-ms="122812" status="PASS">
          <reporter-output>
          </reporter-output>
        </test-method> <!-- configureAppium -->
        <test-method is-config="true" signature="driverInitialization()[pri:0, instance:com.BuyDirect.tests.WelcomePageTest@35d08e6c]" started-at="2024-09-06T15:53:51 IST" name="driverInitialization" finished-at="2024-09-06T15:53:52 IST" duration-ms="1564" status="PASS">
          <reporter-output>
          </reporter-output>
        </test-method> <!-- driverInitialization -->
        <test-method signature="testPartnerTenderNameHeader()[pri:0, instance:com.BuyDirect.tests.WelcomePageTest@35d08e6c]" started-at="2024-09-06T15:53:52 IST" name="testPartnerTenderNameHeader" finished-at="2024-09-06T15:53:57 IST" duration-ms="5092" status="PASS">
          <reporter-output>
          </reporter-output>
        </test-method> <!-- testPartnerTenderNameHeader -->
        <test-method signature="testWelcomeMessage2()[pri:0, instance:com.BuyDirect.tests.WelcomePageTest@35d08e6c]" started-at="2024-09-06T15:53:57 IST" name="testWelcomeMessage2" finished-at="2024-09-06T15:54:01 IST" duration-ms="3689" status="PASS">
          <reporter-output>
          </reporter-output>
        </test-method> <!-- testWelcomeMessage2 -->
        <test-method signature="brokenImageTest()[pri:0, instance:com.BuyDirect.tests.WelcomePageTest@35d08e6c]" started-at="2024-09-06T15:54:01 IST" name="brokenImageTest" finished-at="2024-09-06T15:54:03 IST" duration-ms="2598" status="PASS">
          <reporter-output>
          </reporter-output>
        </test-method> <!-- brokenImageTest -->
        <test-method signature="testContinueButtonText()[pri:0, instance:com.BuyDirect.tests.WelcomePageTest@35d08e6c]" started-at="2024-09-06T15:54:04 IST" name="testContinueButtonText" finished-at="2024-09-06T15:54:05 IST" duration-ms="1645" status="PASS">
          <reporter-output>
          </reporter-output>
        </test-method> <!-- testContinueButtonText -->
        <test-method signature="testCurrentURL()[pri:0, instance:com.BuyDirect.tests.WelcomePageTest@35d08e6c]" started-at="2024-09-06T15:54:05 IST" name="testCurrentURL" finished-at="2024-09-06T15:54:05 IST" duration-ms="332" status="PASS">
          <reporter-output>
          </reporter-output>
        </test-method> <!-- testCurrentURL -->
        <test-method signature="testPartnerLogo()[pri:0, instance:com.BuyDirect.tests.WelcomePageTest@35d08e6c]" started-at="2024-09-06T15:54:05 IST" name="testPartnerLogo" finished-at="2024-09-06T15:54:09 IST" duration-ms="3468" status="PASS">
          <reporter-output>
          </reporter-output>
        </test-method> <!-- testPartnerLogo -->
        <test-method signature="testPartnerLogoisDisplayed()[pri:0, instance:com.BuyDirect.tests.WelcomePageTest@35d08e6c]" started-at="2024-09-06T15:54:09 IST" name="testPartnerLogoisDisplayed" finished-at="2024-09-06T15:54:10 IST" duration-ms="756" status="PASS">
          <reporter-output>
          </reporter-output>
        </test-method> <!-- testPartnerLogoisDisplayed -->
        <test-method signature="testPartnerTenderNameisDisplayed()[pri:0, instance:com.BuyDirect.tests.WelcomePageTest@35d08e6c]" started-at="2024-09-06T15:54:10 IST" name="testPartnerTenderNameisDisplayed" finished-at="2024-09-06T15:54:11 IST" duration-ms="790" status="PASS">
          <reporter-output>
          </reporter-output>
        </test-method> <!-- testPartnerTenderNameisDisplayed -->
        <test-method signature="testSignInHereLinkTextisDisplayed()[pri:0, instance:com.BuyDirect.tests.WelcomePageTest@35d08e6c]" started-at="2024-09-06T15:54:11 IST" name="testSignInHereLinkTextisDisplayed" finished-at="2024-09-06T15:54:13 IST" duration-ms="2058" status="PASS">
          <reporter-output>
          </reporter-output>
        </test-method> <!-- testSignInHereLinkTextisDisplayed -->
        <test-method signature="testTextBeforeSignInHereLink()[pri:0, instance:com.BuyDirect.tests.WelcomePageTest@35d08e6c]" started-at="2024-09-06T15:54:13 IST" name="testTextBeforeSignInHereLink" finished-at="2024-09-06T15:54:14 IST" duration-ms="1616" status="PASS">
          <reporter-output>
          </reporter-output>
        </test-method> <!-- testTextBeforeSignInHereLink -->
        <test-method signature="testTitleisDisplayedCenter()[pri:0, instance:com.BuyDirect.tests.WelcomePageTest@35d08e6c]" started-at="2024-09-06T15:54:14 IST" name="testTitleisDisplayedCenter" finished-at="2024-09-06T15:54:20 IST" duration-ms="6276" status="PASS">
          <reporter-output>
          </reporter-output>
        </test-method> <!-- testTitleisDisplayedCenter -->
        <test-method signature="testWelcomeMessage1()[pri:0, instance:com.BuyDirect.tests.WelcomePageTest@35d08e6c]" started-at="2024-09-06T15:54:20 IST" name="testWelcomeMessage1" finished-at="2024-09-06T15:54:24 IST" duration-ms="3615" status="PASS">
          <reporter-output>
          </reporter-output>
        </test-method> <!-- testWelcomeMessage1 -->
        <test-method signature="testWelcomePageTitle()[pri:0, instance:com.BuyDirect.tests.WelcomePageTest@35d08e6c]" started-at="2024-09-06T15:54:24 IST" name="testWelcomePageTitle" finished-at="2024-09-06T15:54:25 IST" duration-ms="1103" status="PASS">
          <reporter-output>
          </reporter-output>
        </test-method> <!-- testWelcomePageTitle -->
        <test-method signature="test_FooterText()[pri:0, instance:com.BuyDirect.tests.WelcomePageTest@35d08e6c]" started-at="2024-09-06T15:54:25 IST" name="test_FooterText" finished-at="2024-09-06T15:54:29 IST" duration-ms="3811" status="PASS">
          <reporter-output>
          </reporter-output>
        </test-method> <!-- test_FooterText -->
        <test-method signature="test_FooterTextisDisplayed()[pri:0, instance:com.BuyDirect.tests.WelcomePageTest@35d08e6c]" started-at="2024-09-06T15:54:29 IST" name="test_FooterTextisDisplayed" finished-at="2024-09-06T15:54:30 IST" duration-ms="1489" status="PASS">
          <reporter-output>
          </reporter-output>
        </test-method> <!-- test_FooterTextisDisplayed -->
        <test-method signature="testContinueButton()[pri:0, instance:com.BuyDirect.tests.WelcomePageTest@35d08e6c]" started-at="2024-09-06T15:54:31 IST" name="testContinueButton" finished-at="2024-09-06T15:54:37 IST" depends-on-methods="com.BuyDirect.tests.WelcomePageTest.testWelcomeMessage2" duration-ms="6117" status="PASS">
          <reporter-output>
          </reporter-output>
        </test-method> <!-- testContinueButton -->
        <test-method is-config="true" signature="tearDown()[pri:0, instance:com.BuyDirect.tests.WelcomePageTest@35d08e6c]" started-at="2024-09-06T15:54:37 IST" name="tearDown" finished-at="2024-09-06T15:54:41 IST" duration-ms="3948" status="PASS">
          <reporter-output>
          </reporter-output>
        </test-method> <!-- tearDown -->
      </class> <!-- com.BuyDirect.tests.WelcomePageTest -->
      <class name="com.BuyDirect.tests.EnrollPageTest">
        <test-method is-config="true" signature="configureAppium()[pri:0, instance:com.BuyDirect.tests.EnrollPageTest@53d102a2]" started-at="2024-09-06T15:54:41 IST" name="configureAppium" finished-at="2024-09-06T15:56:07 IST" duration-ms="85984" status="PASS">
          <reporter-output>
          </reporter-output>
        </test-method> <!-- configureAppium -->
        <test-method is-config="true" signature="driverInitialization()[pri:0, instance:com.BuyDirect.tests.EnrollPageTest@53d102a2]" started-at="2024-09-06T15:56:07 IST" name="driverInitialization" finished-at="2024-09-06T15:56:07 IST" duration-ms="19" status="PASS">
          <reporter-output>
          </reporter-output>
        </test-method> <!-- driverInitialization -->
        <test-method signature="brokenImageTest()[pri:0, instance:com.BuyDirect.tests.EnrollPageTest@53d102a2]" started-at="2024-09-06T15:56:07 IST" name="brokenImageTest" finished-at="2024-09-06T15:56:08 IST" duration-ms="1807" status="PASS">
          <reporter-output>
          </reporter-output>
        </test-method> <!-- brokenImageTest -->
        <test-method signature="clickOnWelcomePageContinueButton()[pri:0, instance:com.BuyDirect.tests.EnrollPageTest@53d102a2]" started-at="2024-09-06T15:56:08 IST" name="clickOnWelcomePageContinueButton" finished-at="2024-09-06T15:56:12 IST" duration-ms="3692" status="PASS">
          <reporter-output>
          </reporter-output>
        </test-method> <!-- clickOnWelcomePageContinueButton -->
        <test-method signature="testCombinedTermsAndConditionsText()[pri:0, instance:com.BuyDirect.tests.EnrollPageTest@53d102a2]" started-at="2024-09-06T15:56:12 IST" name="testCombinedTermsAndConditionsText" finished-at="2024-09-06T15:56:17 IST" duration-ms="4442" status="PASS">
          <reporter-output>
          </reporter-output>
        </test-method> <!-- testCombinedTermsAndConditionsText -->
        <test-method signature="testContinueButtonText()[pri:0, instance:com.BuyDirect.tests.EnrollPageTest@53d102a2]" started-at="2024-09-06T15:56:17 IST" name="testContinueButtonText" finished-at="2024-09-06T15:56:18 IST" duration-ms="1117" status="PASS">
          <reporter-output>
          </reporter-output>
        </test-method> <!-- testContinueButtonText -->
        <test-method signature="testCreatePINLabelIsDisplayedAndCorrect()[pri:0, instance:com.BuyDirect.tests.EnrollPageTest@53d102a2]" started-at="2024-09-06T15:56:18 IST" name="testCreatePINLabelIsDisplayedAndCorrect" finished-at="2024-09-06T15:56:20 IST" duration-ms="2267" status="PASS">
          <reporter-output>
          </reporter-output>
        </test-method> <!-- testCreatePINLabelIsDisplayedAndCorrect -->
        <test-method signature="testCreatePinToolTipDisplayAndHide()[pri:0, instance:com.BuyDirect.tests.EnrollPageTest@53d102a2]" started-at="2024-09-06T15:56:20 IST" name="testCreatePinToolTipDisplayAndHide" finished-at="2024-09-06T15:56:37 IST" duration-ms="16775" status="PASS">
          <reporter-output>
          </reporter-output>
        </test-method> <!-- testCreatePinToolTipDisplayAndHide -->
        <test-method signature="testEmailLabelIsDisplayedAndCorrect()[pri:0, instance:com.BuyDirect.tests.EnrollPageTest@53d102a2]" started-at="2024-09-06T15:56:37 IST" name="testEmailLabelIsDisplayedAndCorrect" finished-at="2024-09-06T15:56:40 IST" duration-ms="3241" status="PASS">
          <reporter-output>
          </reporter-output>
        </test-method> <!-- testEmailLabelIsDisplayedAndCorrect -->
        <test-method signature="testEnrollPageRequiredFieldErrorMessage()[pri:0, instance:com.BuyDirect.tests.EnrollPageTest@53d102a2]" started-at="2024-09-06T15:56:40 IST" name="testEnrollPageRequiredFieldErrorMessage" finished-at="2024-09-06T15:56:57 IST" duration-ms="17501" status="PASS">
          <reporter-output>
          </reporter-output>
        </test-method> <!-- testEnrollPageRequiredFieldErrorMessage -->
        <test-method signature="testFirstNameLabelIsDisplayedAndCorrect()[pri:0, instance:com.BuyDirect.tests.EnrollPageTest@53d102a2]" started-at="2024-09-06T15:56:57 IST" name="testFirstNameLabelIsDisplayedAndCorrect" finished-at="2024-09-06T15:57:00 IST" duration-ms="3056" status="PASS">
          <reporter-output>
          </reporter-output>
        </test-method> <!-- testFirstNameLabelIsDisplayedAndCorrect -->
        <test-method signature="testLastNameLabelIsDisplayedAndCorrect()[pri:0, instance:com.BuyDirect.tests.EnrollPageTest@53d102a2]" started-at="2024-09-06T15:57:00 IST" name="testLastNameLabelIsDisplayedAndCorrect" finished-at="2024-09-06T15:57:03 IST" duration-ms="2401" status="PASS">
          <reporter-output>
          </reporter-output>
        </test-method> <!-- testLastNameLabelIsDisplayedAndCorrect -->
        <test-method signature="testMobilePhoneLabelIsDisplayedAndCorrect()[pri:0, instance:com.BuyDirect.tests.EnrollPageTest@53d102a2]" started-at="2024-09-06T15:57:03 IST" name="testMobilePhoneLabelIsDisplayedAndCorrect" finished-at="2024-09-06T15:57:05 IST" duration-ms="2174" status="PASS">
          <reporter-output>
          </reporter-output>
        </test-method> <!-- testMobilePhoneLabelIsDisplayedAndCorrect -->
        <test-method signature="testPartnerLogo()[pri:0, instance:com.BuyDirect.tests.EnrollPageTest@53d102a2]" started-at="2024-09-06T15:57:05 IST" name="testPartnerLogo" finished-at="2024-09-06T15:57:08 IST" duration-ms="3235" status="PASS">
          <reporter-output>
          </reporter-output>
        </test-method> <!-- testPartnerLogo -->
        <test-method signature="testPartnerTenderNameHeader()[pri:0, instance:com.BuyDirect.tests.EnrollPageTest@53d102a2]" started-at="2024-09-06T15:57:08 IST" name="testPartnerTenderNameHeader" finished-at="2024-09-06T15:57:11 IST" duration-ms="3005" status="PASS">
          <reporter-output>
          </reporter-output>
        </test-method> <!-- testPartnerTenderNameHeader -->
        <test-method signature="testPartnerTenderNameisDisplayed()[pri:0, instance:com.BuyDirect.tests.EnrollPageTest@53d102a2]" started-at="2024-09-06T15:57:11 IST" name="testPartnerTenderNameisDisplayed" finished-at="2024-09-06T15:57:12 IST" duration-ms="623" status="PASS">
          <reporter-output>
          </reporter-output>
        </test-method> <!-- testPartnerTenderNameisDisplayed -->
        <test-method signature="testPinFieldWithToggle()[pri:0, instance:com.BuyDirect.tests.EnrollPageTest@53d102a2]" started-at="2024-09-06T15:57:12 IST" name="testPinFieldWithToggle" finished-at="2024-09-06T15:57:26 IST" duration-ms="13735" status="PASS">
          <reporter-output>
          </reporter-output>
        </test-method> <!-- testPinFieldWithToggle -->
        <test-method signature="testProgressIndicators()[pri:0, instance:com.BuyDirect.tests.EnrollPageTest@53d102a2]" started-at="2024-09-06T15:57:26 IST" name="testProgressIndicators" finished-at="2024-09-06T15:57:27 IST" duration-ms="1126" status="PASS">
          <reporter-output>
          </reporter-output>
        </test-method> <!-- testProgressIndicators -->
        <test-method signature="testProgressIndicatorsOnEnrollPage()[pri:0, instance:com.BuyDirect.tests.EnrollPageTest@53d102a2]" started-at="2024-09-06T15:57:27 IST" name="testProgressIndicatorsOnEnrollPage" finished-at="2024-09-06T15:57:34 IST" duration-ms="7666" status="PASS">
          <reporter-output>
          </reporter-output>
        </test-method> <!-- testProgressIndicatorsOnEnrollPage -->
        <test-method signature="testSignInHereLinkTextisDisplayed()[pri:0, instance:com.BuyDirect.tests.EnrollPageTest@53d102a2]" started-at="2024-09-06T15:57:34 IST" name="testSignInHereLinkTextisDisplayed" finished-at="2024-09-06T15:57:36 IST" duration-ms="1876" status="PASS">
          <reporter-output>
          </reporter-output>
        </test-method> <!-- testSignInHereLinkTextisDisplayed -->
        <test-method signature="testTermsAndConditionsBeforeTextIsDisplayed()[pri:0, instance:com.BuyDirect.tests.EnrollPageTest@53d102a2]" started-at="2024-09-06T15:57:36 IST" name="testTermsAndConditionsBeforeTextIsDisplayed" finished-at="2024-09-06T15:57:40 IST" duration-ms="3388" status="PASS">
          <reporter-output>
          </reporter-output>
        </test-method> <!-- testTermsAndConditionsBeforeTextIsDisplayed -->
        <test-method signature="testTermsAndConditionsLinkIsNotBroken()[pri:0, instance:com.BuyDirect.tests.EnrollPageTest@53d102a2]" started-at="2024-09-06T15:57:40 IST" name="testTermsAndConditionsLinkIsNotBroken" finished-at="2024-09-06T15:57:42 IST" duration-ms="2634" status="PASS">
          <reporter-output>
          </reporter-output>
        </test-method> <!-- testTermsAndConditionsLinkIsNotBroken -->
        <test-method signature="testTermsAndConditionsLinkOpensNewWindow()[pri:0, instance:com.BuyDirect.tests.EnrollPageTest@53d102a2]" started-at="2024-09-06T15:57:42 IST" name="testTermsAndConditionsLinkOpensNewWindow" finished-at="2024-09-06T15:57:54 IST" duration-ms="11655" status="PASS">
          <reporter-output>
          </reporter-output>
        </test-method> <!-- testTermsAndConditionsLinkOpensNewWindow -->
        <test-method signature="testTermsAndConditionsLinkTextIsDisplayed()[pri:0, instance:com.BuyDirect.tests.EnrollPageTest@53d102a2]" started-at="2024-09-06T15:57:54 IST" name="testTermsAndConditionsLinkTextIsDisplayed" finished-at="2024-09-06T15:57:55 IST" duration-ms="1126" status="PASS">
          <reporter-output>
          </reporter-output>
        </test-method> <!-- testTermsAndConditionsLinkTextIsDisplayed -->
        <test-method signature="testTextBeforeSignInHereLink()[pri:0, instance:com.BuyDirect.tests.EnrollPageTest@53d102a2]" started-at="2024-09-06T15:57:55 IST" name="testTextBeforeSignInHereLink" finished-at="2024-09-06T15:57:56 IST" duration-ms="826" status="PASS">
          <reporter-output>
          </reporter-output>
        </test-method> <!-- testTextBeforeSignInHereLink -->
        <test-method signature="testTextNotificationsLinkIsNotBroken()[pri:0, instance:com.BuyDirect.tests.EnrollPageTest@53d102a2]" started-at="2024-09-06T15:57:56 IST" name="testTextNotificationsLinkIsNotBroken" finished-at="2024-09-06T15:57:57 IST" duration-ms="1499" status="PASS">
          <reporter-output>
          </reporter-output>
        </test-method> <!-- testTextNotificationsLinkIsNotBroken -->
        <test-method signature="testTextNotificationsLinkOpensNewWindow()[pri:0, instance:com.BuyDirect.tests.EnrollPageTest@53d102a2]" started-at="2024-09-06T15:57:57 IST" name="testTextNotificationsLinkOpensNewWindow" finished-at="2024-09-06T15:58:10 IST" duration-ms="12742" status="PASS">
          <reporter-output>
          </reporter-output>
        </test-method> <!-- testTextNotificationsLinkOpensNewWindow -->
        <test-method signature="testTextNotificationsLinkTextIsDisplayed()[pri:0, instance:com.BuyDirect.tests.EnrollPageTest@53d102a2]" started-at="2024-09-06T15:58:10 IST" name="testTextNotificationsLinkTextIsDisplayed" finished-at="2024-09-06T15:58:12 IST" duration-ms="1981" status="PASS">
          <reporter-output>
          </reporter-output>
        </test-method> <!-- testTextNotificationsLinkTextIsDisplayed -->
        <test-method signature="testTextNotificationsTextIsDisplayed()[pri:0, instance:com.BuyDirect.tests.EnrollPageTest@53d102a2]" started-at="2024-09-06T15:58:12 IST" name="testTextNotificationsTextIsDisplayed" finished-at="2024-09-06T15:58:13 IST" duration-ms="681" status="PASS">
          <reporter-output>
          </reporter-output>
        </test-method> <!-- testTextNotificationsTextIsDisplayed -->
        <test-method signature="testValidateTermsAndConditions()[pri:0, instance:com.BuyDirect.tests.EnrollPageTest@53d102a2]" started-at="2024-09-06T15:58:13 IST" name="testValidateTermsAndConditions" finished-at="2024-09-06T15:58:53 IST" duration-ms="40233" status="PASS">
          <reporter-output>
          </reporter-output>
        </test-method> <!-- testValidateTermsAndConditions -->
        <test-method signature="test_FooterText()[pri:0, instance:com.BuyDirect.tests.EnrollPageTest@53d102a2]" started-at="2024-09-06T15:58:53 IST" name="test_FooterText" finished-at="2024-09-06T15:58:57 IST" duration-ms="3816" status="PASS">
          <reporter-output>
          </reporter-output>
        </test-method> <!-- test_FooterText -->
        <test-method signature="test_FooterTextisDisplayed()[pri:0, instance:com.BuyDirect.tests.EnrollPageTest@53d102a2]" started-at="2024-09-06T15:58:57 IST" name="test_FooterTextisDisplayed" finished-at="2024-09-06T15:58:58 IST" duration-ms="1082" status="PASS">
          <reporter-output>
          </reporter-output>
        </test-method> <!-- test_FooterTextisDisplayed -->
        <test-method signature="test_PartnerLogoisDisplayed()[pri:0, instance:com.BuyDirect.tests.EnrollPageTest@53d102a2]" started-at="2024-09-06T15:58:58 IST" name="test_PartnerLogoisDisplayed" finished-at="2024-09-06T15:58:59 IST" duration-ms="587" status="PASS">
          <reporter-output>
          </reporter-output>
        </test-method> <!-- test_PartnerLogoisDisplayed -->
        <test-method signature="validateCreatePINPlaceholder()[pri:0, instance:com.BuyDirect.tests.EnrollPageTest@53d102a2]" started-at="2024-09-06T15:58:59 IST" name="validateCreatePINPlaceholder" finished-at="2024-09-06T15:59:00 IST" duration-ms="1152" status="PASS">
          <reporter-output>
          </reporter-output>
        </test-method> <!-- validateCreatePINPlaceholder -->
        <test-method signature="validateEmailAddressPlaceholder()[pri:0, instance:com.BuyDirect.tests.EnrollPageTest@53d102a2]" started-at="2024-09-06T15:59:00 IST" name="validateEmailAddressPlaceholder" finished-at="2024-09-06T15:59:01 IST" duration-ms="1160" status="PASS">
          <reporter-output>
          </reporter-output>
        </test-method> <!-- validateEmailAddressPlaceholder -->
        <test-method signature="validateFirstNamePlaceholder()[pri:0, instance:com.BuyDirect.tests.EnrollPageTest@53d102a2]" started-at="2024-09-06T15:59:01 IST" name="validateFirstNamePlaceholder" finished-at="2024-09-06T15:59:02 IST" duration-ms="1065" status="PASS">
          <reporter-output>
          </reporter-output>
        </test-method> <!-- validateFirstNamePlaceholder -->
        <test-method signature="validateLastNamePlaceholder()[pri:0, instance:com.BuyDirect.tests.EnrollPageTest@53d102a2]" started-at="2024-09-06T15:59:02 IST" name="validateLastNamePlaceholder" finished-at="2024-09-06T15:59:03 IST" duration-ms="1167" status="PASS">
          <reporter-output>
          </reporter-output>
        </test-method> <!-- validateLastNamePlaceholder -->
        <test-method signature="validateMobilePhonePlaceholder()[pri:0, instance:com.BuyDirect.tests.EnrollPageTest@53d102a2]" started-at="2024-09-06T15:59:03 IST" name="validateMobilePhonePlaceholder" finished-at="2024-09-06T15:59:04 IST" duration-ms="1157" status="PASS">
          <reporter-output>
          </reporter-output>
        </test-method> <!-- validateMobilePhonePlaceholder -->
        <test-method signature="testValidEnrollmentInputFields()[pri:0, instance:com.BuyDirect.tests.EnrollPageTest@53d102a2]" started-at="2024-09-06T15:59:04 IST" name="testValidEnrollmentInputFields" finished-at="2024-09-06T15:59:04 IST" depends-on-methods="com.BuyDirect.tests.EnrollPageTest.validateMobilePhonePlaceholder" duration-ms="5" status="FAIL">
          <exception class="java.lang.ArrayIndexOutOfBoundsException">
            <message>
              <![CDATA[Index 1 out of bounds for length 1]]>
            </message>
            <full-stacktrace>
              <![CDATA[java.lang.ArrayIndexOutOfBoundsException: Index 1 out of bounds for length 1
at com.BuyDirect.utils.Helper.generateRandomEmail(Helper.java:76)
at com.BuyDirect.tests.EnrollPageTest.testValidEnrollmentInputFields(EnrollPageTest.java:795)
at java.base/jdk.internal.reflect.DirectMethodHandleAccessor.invoke(DirectMethodHandleAccessor.java:103)
at java.base/java.lang.reflect.Method.invoke(Method.java:580)
at org.testng.internal.MethodInvocationHelper.invokeMethod(MethodInvocationHelper.java:133)
at org.testng.internal.TestInvoker.invokeMethod(TestInvoker.java:598)
at org.testng.internal.TestInvoker.invokeTestMethod(TestInvoker.java:173)
at org.testng.internal.MethodRunner.runInSequence(MethodRunner.java:46)
at org.testng.internal.TestInvoker$MethodInvocationAgent.invoke(TestInvoker.java:824)
at org.testng.internal.TestInvoker.invokeTestMethods(TestInvoker.java:146)
at org.testng.internal.TestMethodWorker.invokeTestMethods(TestMethodWorker.java:146)
at org.testng.internal.TestMethodWorker.run(TestMethodWorker.java:128)
at java.base/java.util.ArrayList.forEach(ArrayList.java:1597)
at org.testng.TestRunner.privateRun(TestRunner.java:794)
at org.testng.TestRunner.run(TestRunner.java:596)
at org.testng.SuiteRunner.runTest(SuiteRunner.java:377)
at org.testng.SuiteRunner.runSequentially(SuiteRunner.java:371)
at org.testng.SuiteRunner.privateRun(SuiteRunner.java:332)
at org.testng.SuiteRunner.run(SuiteRunner.java:276)
at org.testng.SuiteRunnerWorker.runSuite(SuiteRunnerWorker.java:53)
at org.testng.SuiteRunnerWorker.run(SuiteRunnerWorker.java:96)
at org.testng.TestNG.runSuitesSequentially(TestNG.java:1212)
at org.testng.TestNG.runSuitesLocally(TestNG.java:1134)
at org.testng.TestNG.runSuites(TestNG.java:1063)
at org.testng.TestNG.run(TestNG.java:1031)
at org.testng.remote.AbstractRemoteTestNG.run(AbstractRemoteTestNG.java:115)
at org.testng.remote.RemoteTestNG.initAndRun(RemoteTestNG.java:293)
at org.testng.remote.RemoteTestNG.main(RemoteTestNG.java:91)
]]>
            </full-stacktrace>
          </exception> <!-- java.lang.ArrayIndexOutOfBoundsException -->
          <reporter-output>
          </reporter-output>
        </test-method> <!-- testValidEnrollmentInputFields -->
        <test-method is-config="true" signature="tearDown()[pri:0, instance:com.BuyDirect.tests.EnrollPageTest@53d102a2]" started-at="2024-09-06T15:59:05 IST" name="tearDown" finished-at="2024-09-06T15:59:07 IST" duration-ms="2297" status="PASS">
          <reporter-output>
          </reporter-output>
        </test-method> <!-- tearDown -->
      </class> <!-- com.BuyDirect.tests.EnrollPageTest -->
    </test> <!-- Test Cases -->
  </suite> <!-- Mobile BuyDirect Automation Test Suite -->
</testng-results>
